#
# A fatal error has been detected by the Java Runtime Environment:
#
#  SIGSEGV (0xb) at pc=0x00007f6d3d83f89d, pid=27713, tid=140107283498752
#
# JRE version: 6.0_24-b24
# Java VM: OpenJDK 64-Bit Server VM (20.0-b12 mixed mode linux-amd64 compressed oops)
# Derivative: IcedTea6 1.11.5
# Distribution: Ubuntu 12.04 LTS, package 6b24-1.11.5-0ubuntu1~12.04.1
# Problematic frame:
# C  [libOpenNI.so+0x4289d]  xnSetSkeletonProfile+0xd
#
# If you would like to submit a bug report, please include
# instructions how to reproduce the bug and visit:
#   https://bugs.launchpad.net/ubuntu/+source/openjdk-6/
# The crash happened outside the Java Virtual Machine in native code.
# See problematic frame for where to report the bug.
#

---------------  T H R E A D  ---------------

Current thread (0x00007f6d50258800):  JavaThread "Animation Thread" [_thread_in_native, id=27732, stack(0x00007f6d44cd0000,0x00007f6d44dd1000)]

siginfo:si_signo=SIGSEGV: si_errno=0, si_code=1 (SEGV_MAPERR), si_addr=0x0000000000000000

Registers:
RAX=0x0000000000010012, RBX=0x0000000000000000, RCX=0x00007f6cf8000028, RDX=0x00007f6cf8707020
RSP=0x00007f6d44dcf500, RBP=0x0000000000000002, RSI=0x0000000000000002, RDI=0x0000000000000000
R8 =0x0000000000000001, R9 =0x0000000000000000, R10=0x00007f6d44dcf2c0, R11=0x00007f6d3d83f890
R12=0x000000000001001d, R13=0x0000000000000000, R14=0x0000000000000001, R15=0x00007f6d50258800
RIP=0x00007f6d3d83f89d, EFLAGS=0x0000000000010206, CSGSFS=0x0000000000000033, ERR=0x0000000000000004
  TRAPNO=0x000000000000000e

Top of Stack: (sp=0x00007f6d44dcf500)
0x00007f6d44dcf500:   0000000000000000 0000000000000001
0x00007f6d44dcf510:   0000000000000000 00007f6cf8380510
0x00007f6d44dcf520:   00007f6cf8723b50 00007f6d3db04144
0x00007f6d44dcf530:   0000000444dcf590 00007f6d562ae796
0x00007f6d44dcf540:   00007f6d200fd208 0000000200000004
0x00007f6d44dcf550:   00000000ffffffff 00007f6d18007cb0
0x00007f6d44dcf560:   0000000400000000 00000000bbb90060
0x00007f6d44dcf570:   00000000002ba4d0 0000000000000000
0x00007f6d44dcf580:   00007f6d44dcf6e0 00007f6d50258800
0x00007f6d44dcf590:   00007f6d3da80000 00007f6d5745a774
0x00007f6d44dcf5a0:   00007f6d00000005 0000000000000000
0x00007f6d44dcf5b0:   00007f6d3da892d0 00007f6d50258800
0x00007f6d44dcf5c0:   00007f6d200fd208 00000000bbb90060
0x00007f6d44dcf5d0:   0000000000000000 0000000000000000
0x00007f6d44dcf5e0:   00000000bbb90060 00007f6d57461235
0x00007f6d44dcf5f0:   0000000000000001 00007f6d44dcf6d0
0x00007f6d44dcf600:   0000000000000001 0000000000000002
0x00007f6d44dcf610:   00000000bbb90060 00007f6d44dcf6a8
0x00007f6d44dcf620:   0000000000000000 00000000bbb90060
0x00007f6d44dcf630:   00007f6d44dcf6e0 00007f6d4d010d68
0x00007f6d44dcf640:   00007f6d200fd238 00007f6d200fd238
0x00007f6d44dcf650:   00000000fffffffe 00000000bae08278
0x00007f6d44dcf660:   0000000000000000 00007f6d44dcf668
0x00007f6d44dcf670:   00000000bbb90060 00007f6d44dcf6e0
0x00007f6d44dcf680:   00000000bbbb6f68 0000000000000000
0x00007f6d44dcf690:   00000000bbb90060 0000000000000000
0x00007f6d44dcf6a0:   00007f6d44dcf6c8 00007f6d44dcf728
0x00007f6d44dcf6b0:   00007f6d4d005a82 00000000bbbb6f00
0x00007f6d44dcf6c0:   00007f6d4d00df40 0000000000000002
0x00007f6d44dcf6d0:   00000000ece35650 00007f6cf8723b50
0x00007f6d44dcf6e0:   00000000ece35650 00007f6d44dcf6e8
0x00007f6d44dcf6f0:   00000000bbb48644 00007f6d44dcf740 

Instructions: (pc=0x00007f6d3d83f89d)
0x00007f6d3d83f87d:   00 00 00 31 c0 c3 66 66 66 66 2e 0f 1f 84 00 00
0x00007f6d3d83f88d:   00 00 00 53 b8 12 00 01 00 48 89 fb 48 83 ec 20
0x00007f6d3d83f89d:   48 8b 17 8b 4a 10 85 c9 74 49 48 8b 52 08 8b 12
0x00007f6d3d83f8ad:   81 e2 00 00 00 02 74 3b 8b 47 48 48 c7 44 24 18 

Register to memory mapping:

RAX=0x0000000000010012 is an unknown value
RBX=0x0000000000000000 is an unknown value
RCX=0x00007f6cf8000028 is an unknown value
RDX=0x00007f6cf8707020 is an unknown value
RSP=0x00007f6d44dcf500 is pointing into the stack for thread: 0x00007f6d50258800
RBP=0x0000000000000002 is an unknown value
RSI=0x0000000000000002 is an unknown value
RDI=0x0000000000000000 is an unknown value
R8 =0x0000000000000001 is an unknown value
R9 =0x0000000000000000 is an unknown value
R10=0x00007f6d44dcf2c0 is pointing into the stack for thread: 0x00007f6d50258800
R11=0x00007f6d3d83f890: xnSetSkeletonProfile+0 in /usr/lib/libOpenNI.so at 0x00007f6d3d7fd000
R12=0x000000000001001d is an unknown value
R13=0x0000000000000000 is an unknown value
R14=0x0000000000000001 is an unknown value
R15=0x00007f6d50258800 is a thread


Stack: [0x00007f6d44cd0000,0x00007f6d44dd1000],  sp=0x00007f6d44dcf500,  free space=1021k
Native frames: (J=compiled Java code, j=interpreted, Vv=VM code, C=native code)
C  [libOpenNI.so+0x4289d]  xnSetSkeletonProfile+0xd

Java frames: (J=compiled Java code, j=interpreted, Vv=VM code)
j  SimpleOpenNI.SimpleOpenNIJNI.ContextWrapper_enableUserSwigExplicitContextWrapper(JLSimpleOpenNI/ContextWrapper;I)Z+0
j  SimpleOpenNI.ContextWrapper.enableUser(I)Z+28
j  SimpleOpenNI.SimpleOpenNI.enableUser(ILjava/lang/Object;)Z+17
j  SimpleOpenNI.SimpleOpenNI.enableUser(I)Z+6
j  okhotspots$OKHotSpotContext.initKinect()V+19
j  okhotspots$OKHotSpotContext.<init>(Lokhotspots;Lprocessing/core/PApplet;)V+191
j  okhotspots.setup()V+19
j  processing.core.PApplet.handleDraw()V+65
j  processing.core.PApplet.run()V+72
j  java.lang.Thread.run()V+11
v  ~StubRoutines::call_stub

---------------  P R O C E S S  ---------------

Java Threads: ( => current thread )
=>0x00007f6d50258800 JavaThread "Animation Thread" [_thread_in_native, id=27732, stack(0x00007f6d44cd0000,0x00007f6d44dd1000)]
  0x00007f6d08007000 JavaThread "AWT-EventQueue-0" [_thread_blocked, id=27731, stack(0x00007f6d44dd1000,0x00007f6d44ed2000)]
  0x00007f6d50256800 JavaThread "AWT-Shutdown" [_thread_blocked, id=27730, stack(0x00007f6d44ed2000,0x00007f6d44fd3000)]
  0x00007f6d5023f800 JavaThread "Image Fetcher 0" daemon [_thread_blocked, id=27729, stack(0x00007f6d44fd3000,0x00007f6d450d4000)]
  0x00007f6d50234000 JavaThread "AWT-XAWT" daemon [_thread_blocked, id=27728, stack(0x00007f6d455b2000,0x00007f6d456b3000)]
  0x00007f6d501f6000 JavaThread "Java2D Disposer" daemon [_thread_blocked, id=27727, stack(0x00007f6d4598a000,0x00007f6d45a8b000)]
  0x00007f6d5009e000 JavaThread "Low Memory Detector" daemon [_thread_blocked, id=27725, stack(0x00007f6d4771b000,0x00007f6d4781c000)]
  0x00007f6d5009b800 JavaThread "C2 CompilerThread1" daemon [_thread_blocked, id=27724, stack(0x00007f6d4781c000,0x00007f6d4791d000)]
  0x00007f6d50099000 JavaThread "C2 CompilerThread0" daemon [_thread_blocked, id=27723, stack(0x00007f6d4c02d000,0x00007f6d4c12e000)]
  0x00007f6d50097800 JavaThread "Signal Dispatcher" daemon [_thread_blocked, id=27722, stack(0x00007f6d4c12e000,0x00007f6d4c22f000)]
  0x00007f6d50078000 JavaThread "Finalizer" daemon [_thread_blocked, id=27721, stack(0x00007f6d4c22f000,0x00007f6d4c330000)]
  0x00007f6d50076000 JavaThread "Reference Handler" daemon [_thread_blocked, id=27720, stack(0x00007f6d4c330000,0x00007f6d4c431000)]
  0x00007f6d50008000 JavaThread "main" [_thread_blocked, id=27714, stack(0x00007f6d5754a000,0x00007f6d5764b000)]

Other Threads:
  0x00007f6d5006f800 VMThread [stack: 0x00007f6d4c431000,0x00007f6d4c532000] [id=27719]
  0x00007f6d500a8800 WatcherThread [stack: 0x00007f6d4761a000,0x00007f6d4771b000] [id=27726]

VM state:not at safepoint (normal execution)

VM Mutex/Monitor currently owned by a thread: None

Heap
 PSYoungGen      total 17536K, used 8439K [0x00000000ec6b0000, 0x00000000eda40000, 0x0000000100000000)
  eden space 15040K, 56% used [0x00000000ec6b0000,0x00000000eceedf08,0x00000000ed560000)
  from space 2496K, 0% used [0x00000000ed7d0000,0x00000000ed7d0000,0x00000000eda40000)
  to   space 2496K, 0% used [0x00000000ed560000,0x00000000ed560000,0x00000000ed7d0000)
 PSOldGen        total 40064K, used 0K [0x00000000c5400000, 0x00000000c7b20000, 0x00000000ec6b0000)
  object space 40064K, 0% used [0x00000000c5400000,0x00000000c5400000,0x00000000c7b20000)
 PSPermGen       total 21248K, used 14220K [0x00000000bae00000, 0x00000000bc2c0000, 0x00000000c5400000)
  object space 21248K, 66% used [0x00000000bae00000,0x00000000bbbe31b8,0x00000000bc2c0000)

Code Cache  [0x00007f6d4d000000, 0x00007f6d4d270000, 0x00007f6d50000000)
 total_blobs=747 nmethods=24 adapters=678 free_code_cache=49582848 largest_free_block=12032

Dynamic libraries:
00400000-00409000 r-xp 00000000 08:06 656630                             /usr/lib/jvm/java-6-openjdk-amd64/jre/bin/java
00608000-00609000 r--p 00008000 08:06 656630                             /usr/lib/jvm/java-6-openjdk-amd64/jre/bin/java
00609000-0060a000 rw-p 00009000 08:06 656630                             /usr/lib/jvm/java-6-openjdk-amd64/jre/bin/java
01d56000-01d77000 rw-p 00000000 00:00 0                                  [heap]
bae00000-bc2c0000 rw-p 00000000 00:00 0 
bc2c0000-c5400000 rw-p 00000000 00:00 0 
c5400000-c7b20000 rw-p 00000000 00:00 0 
c7b20000-ec6b0000 rw-p 00000000 00:00 0 
ec6b0000-eda40000 rw-p 00000000 00:00 0 
eda40000-100000000 rw-p 00000000 00:00 0 
7f6cf57be000-7f6cf5850000 r-xp 00000000 08:06 676143                     /usr/lib/libXnDeviceSensorV2.so
7f6cf5850000-7f6cf5a4f000 ---p 00092000 08:06 676143                     /usr/lib/libXnDeviceSensorV2.so
7f6cf5a4f000-7f6cf5a5f000 r--p 00091000 08:06 676143                     /usr/lib/libXnDeviceSensorV2.so
7f6cf5a5f000-7f6cf5a60000 rw-p 000a1000 08:06 676143                     /usr/lib/libXnDeviceSensorV2.so
7f6cf5a60000-7f6cf5a87000 r-xp 00000000 08:06 676044                     /usr/lib/libXnDeviceFile.so
7f6cf5a87000-7f6cf5c87000 ---p 00027000 08:06 676044                     /usr/lib/libXnDeviceFile.so
7f6cf5c87000-7f6cf5c89000 r--p 00027000 08:06 676044                     /usr/lib/libXnDeviceFile.so
7f6cf5c89000-7f6cf5c8a000 rw-p 00029000 08:06 676044                     /usr/lib/libXnDeviceFile.so
7f6cf5c8a000-7f6cf5cd2000 r-xp 00000000 08:06 676043                     /usr/lib/libXnDDK.so
7f6cf5cd2000-7f6cf5ed2000 ---p 00048000 08:06 676043                     /usr/lib/libXnDDK.so
7f6cf5ed2000-7f6cf5ed5000 r--p 00048000 08:06 676043                     /usr/lib/libXnDDK.so
7f6cf5ed5000-7f6cf5ed7000 rw-p 0004b000 08:06 676043                     /usr/lib/libXnDDK.so
7f6cf5ed7000-7f6cf5efb000 r-xp 00000000 08:06 676046                     /usr/lib/libXnFormats.so
7f6cf5efb000-7f6cf60fb000 ---p 00024000 08:06 676046                     /usr/lib/libXnFormats.so
7f6cf60fb000-7f6cf60fc000 r--p 00024000 08:06 676046                     /usr/lib/libXnFormats.so
7f6cf60fc000-7f6cf60fd000 rw-p 00025000 08:06 676046                     /usr/lib/libXnFormats.so
7f6cf60fd000-7f6cf611d000 rw-p 00000000 00:00 0 
7f6cf611d000-7f6cf6120000 r-xp 00000000 08:06 676042                     /usr/lib/libXnCore.so
7f6cf6120000-7f6cf631f000 ---p 00003000 08:06 676042                     /usr/lib/libXnCore.so
7f6cf631f000-7f6cf6320000 r--p 00002000 08:06 676042                     /usr/lib/libXnCore.so
7f6cf6320000-7f6cf6321000 rw-p 00003000 08:06 676042                     /usr/lib/libXnCore.so
7f6cf6321000-7f6cf63aa000 r-xp 00000000 08:06 676045                     /usr/lib/libXnDeviceSensorV2KM.so
7f6cf63aa000-7f6cf65a9000 ---p 00089000 08:06 676045                     /usr/lib/libXnDeviceSensorV2KM.so
7f6cf65a9000-7f6cf65b9000 r--p 00088000 08:06 676045                     /usr/lib/libXnDeviceSensorV2KM.so
7f6cf65b9000-7f6cf65ba000 rw-p 00098000 08:06 676045                     /usr/lib/libXnDeviceSensorV2KM.so
7f6cf65ba000-7f6cf66ae000 r-xp 00000000 08:06 675430                     /usr/lib/libXnVHandGenerator_1_5_2.so
7f6cf66ae000-7f6cf68ad000 ---p 000f4000 08:06 675430                     /usr/lib/libXnVHandGenerator_1_5_2.so
7f6cf68ad000-7f6cf68b2000 r--p 000f3000 08:06 675430                     /usr/lib/libXnVHandGenerator_1_5_2.so
7f6cf68b2000-7f6cf68b3000 rw-p 000f8000 08:06 675430                     /usr/lib/libXnVHandGenerator_1_5_2.so
7f6cf68b3000-7f6cf68c1000 rw-p 00000000 00:00 0 
7f6cf68c1000-7f6cf6999000 r-xp 00000000 08:06 675429                     /usr/lib/libXnVHandGenerator_1_4_2.so
7f6cf6999000-7f6cf6b98000 ---p 000d8000 08:06 675429                     /usr/lib/libXnVHandGenerator_1_4_2.so
7f6cf6b98000-7f6cf6b9d000 r--p 000d7000 08:06 675429                     /usr/lib/libXnVHandGenerator_1_4_2.so
7f6cf6b9d000-7f6cf6b9e000 rw-p 000dc000 08:06 675429                     /usr/lib/libXnVHandGenerator_1_4_2.so
7f6cf6b9e000-7f6cf6ba1000 rw-p 00000000 00:00 0 
7f6cf6ba1000-7f6cf6c79000 r-xp 00000000 08:06 675428                     /usr/lib/libXnVHandGenerator_1_4_1.so
7f6cf6c79000-7f6cf6e78000 ---p 000d8000 08:06 675428                     /usr/lib/libXnVHandGenerator_1_4_1.so
7f6cf6e78000-7f6cf6e7d000 r--p 000d7000 08:06 675428                     /usr/lib/libXnVHandGenerator_1_4_1.so
7f6cf6e7d000-7f6cf6e7e000 rw-p 000dc000 08:06 675428                     /usr/lib/libXnVHandGenerator_1_4_1.so
7f6cf6e7e000-7f6cf6e81000 rw-p 00000000 00:00 0 
7f6cf6e81000-7f6cf6f64000 r-xp 00000000 08:06 675427                     /usr/lib/libXnVHandGenerator_1_3_1.so
7f6cf6f64000-7f6cf7164000 ---p 000e3000 08:06 675427                     /usr/lib/libXnVHandGenerator_1_3_1.so
7f6cf7164000-7f6cf7169000 r--p 000e3000 08:06 675427                     /usr/lib/libXnVHandGenerator_1_3_1.so
7f6cf7169000-7f6cf716a000 rw-p 000e8000 08:06 675427                     /usr/lib/libXnVHandGenerator_1_3_1.so
7f6cf716a000-7f6cf716d000 rw-p 00000000 00:00 0 
7f6cf716d000-7f6cf7582000 r-xp 00000000 08:06 675424                     /usr/lib/libXnVFeatures_1_5_2.so
7f6cf7582000-7f6cf7782000 ---p 00415000 08:06 675424                     /usr/lib/libXnVFeatures_1_5_2.so
7f6cf7782000-7f6cf7793000 r--p 00415000 08:06 675424                     /usr/lib/libXnVFeatures_1_5_2.so
7f6cf7793000-7f6cf7795000 rw-p 00426000 08:06 675424                     /usr/lib/libXnVFeatures_1_5_2.so
7f6cf7795000-7f6cf77aa000 rw-p 00000000 00:00 0 
7f6cf77aa000-7f6cf79a1000 r-xp 00000000 08:06 675423                     /usr/lib/libXnVFeatures_1_4_2.so
7f6cf79a1000-7f6cf7ba0000 ---p 001f7000 08:06 675423                     /usr/lib/libXnVFeatures_1_4_2.so
7f6cf7ba0000-7f6cf7ba6000 r--p 001f6000 08:06 675423                     /usr/lib/libXnVFeatures_1_4_2.so
7f6cf7ba6000-7f6cf7ba7000 rw-p 001fc000 08:06 675423                     /usr/lib/libXnVFeatures_1_4_2.so
7f6cf7ba7000-7f6cf7bad000 rw-p 00000000 00:00 0 
7f6cf7bad000-7f6cf7df2000 r-xp 00000000 08:06 675421                     /usr/lib/libXnVFeatures_1_3_1.so
7f6cf7df2000-7f6cf7ff2000 ---p 00245000 08:06 675421                     /usr/lib/libXnVFeatures_1_3_1.so
7f6cf7ff2000-7f6cf7ff8000 r--p 00245000 08:06 675421                     /usr/lib/libXnVFeatures_1_3_1.so
7f6cf7ff8000-7f6cf7ff9000 rw-p 0024b000 08:06 675421                     /usr/lib/libXnVFeatures_1_3_1.so
7f6cf7ff9000-7f6cf8000000 rw-p 00000000 00:00 0 
7f6cf8000000-7f6cf878c000 rw-p 00000000 00:00 0 
7f6cf878c000-7f6cfc000000 ---p 00000000 00:00 0 
7f6cfc000000-7f6cfc021000 rw-p 00000000 00:00 0 
7f6cfc021000-7f6d00000000 ---p 00000000 00:00 0 
7f6d00000000-7f6d00021000 rw-p 00000000 00:00 0 
7f6d00021000-7f6d04000000 ---p 00000000 00:00 0 
7f6d04000000-7f6d0411b000 rw-p 00000000 00:00 0 
7f6d0411b000-7f6d08000000 ---p 00000000 00:00 0 
7f6d08000000-7f6d08021000 rw-p 00000000 00:00 0 
7f6d08021000-7f6d0c000000 ---p 00000000 00:00 0 
7f6d0c000000-7f6d0c021000 rw-p 00000000 00:00 0 
7f6d0c021000-7f6d10000000 ---p 00000000 00:00 0 
7f6d10000000-7f6d10021000 rw-p 00000000 00:00 0 
7f6d10021000-7f6d14000000 ---p 00000000 00:00 0 
7f6d14000000-7f6d14021000 rw-p 00000000 00:00 0 
7f6d14021000-7f6d18000000 ---p 00000000 00:00 0 
7f6d18000000-7f6d18188000 rw-p 00000000 00:00 0 
7f6d18188000-7f6d1c000000 ---p 00000000 00:00 0 
7f6d1c000000-7f6d1c021000 rw-p 00000000 00:00 0 
7f6d1c021000-7f6d20000000 ---p 00000000 00:00 0 
7f6d20000000-7f6d20273000 rw-p 00000000 00:00 0 
7f6d20273000-7f6d24000000 ---p 00000000 00:00 0 
7f6d24000000-7f6d24021000 rw-p 00000000 00:00 0 
7f6d24021000-7f6d28000000 ---p 00000000 00:00 0 
7f6d28000000-7f6d28021000 rw-p 00000000 00:00 0 
7f6d28021000-7f6d2c000000 ---p 00000000 00:00 0 
7f6d2c000000-7f6d2c021000 rw-p 00000000 00:00 0 
7f6d2c021000-7f6d30000000 ---p 00000000 00:00 0 
7f6d30000000-7f6d30021000 rw-p 00000000 00:00 0 
7f6d30021000-7f6d34000000 ---p 00000000 00:00 0 
7f6d34000000-7f6d34021000 rw-p 00000000 00:00 0 
7f6d34021000-7f6d38000000 ---p 00000000 00:00 0 
7f6d38000000-7f6d38021000 rw-p 00000000 00:00 0 
7f6d38021000-7f6d3c000000 ---p 00000000 00:00 0 
7f6d3c043000-7f6d3c23a000 r-xp 00000000 08:06 675422                     /usr/lib/libXnVFeatures_1_4_1.so
7f6d3c23a000-7f6d3c439000 ---p 001f7000 08:06 675422                     /usr/lib/libXnVFeatures_1_4_1.so
7f6d3c439000-7f6d3c43f000 r--p 001f6000 08:06 675422                     /usr/lib/libXnVFeatures_1_4_1.so
7f6d3c43f000-7f6d3c440000 rw-p 001fc000 08:06 675422                     /usr/lib/libXnVFeatures_1_4_1.so
7f6d3c440000-7f6d3c446000 rw-p 00000000 00:00 0 
7f6d3c446000-7f6d3c464000 r-xp 00000000 08:06 675271                     /usr/lib/libnimRecorder.so
7f6d3c464000-7f6d3c663000 ---p 0001e000 08:06 675271                     /usr/lib/libnimRecorder.so
7f6d3c663000-7f6d3c665000 r--p 0001d000 08:06 675271                     /usr/lib/libnimRecorder.so
7f6d3c665000-7f6d3c666000 rw-p 0001f000 08:06 675271                     /usr/lib/libnimRecorder.so
7f6d3c666000-7f6d3c69c000 r-xp 00000000 08:06 675269                     /usr/lib/libnimCodecs.so
7f6d3c69c000-7f6d3c89c000 ---p 00036000 08:06 675269                     /usr/lib/libnimCodecs.so
7f6d3c89c000-7f6d3c89f000 r--p 00036000 08:06 675269                     /usr/lib/libnimCodecs.so
7f6d3c89f000-7f6d3c8a0000 rw-p 00039000 08:06 675269                     /usr/lib/libnimCodecs.so
7f6d3c8a0000-7f6d3c8c0000 rw-p 00000000 00:00 0 
7f6d3c8c0000-7f6d3c8f7000 r-xp 00000000 08:06 675270                     /usr/lib/libnimMockNodes.so
7f6d3c8f7000-7f6d3caf6000 ---p 00037000 08:06 675270                     /usr/lib/libnimMockNodes.so
7f6d3caf6000-7f6d3cb03000 r--p 00036000 08:06 675270                     /usr/lib/libnimMockNodes.so
7f6d3cb03000-7f6d3cb04000 rw-p 00043000 08:06 675270                     /usr/lib/libnimMockNodes.so
7f6d3cb04000-7f6d3cb05000 ---p 00000000 00:00 0 
7f6d3cb05000-7f6d3d305000 rwxp 00000000 00:00 0 
7f6d3d305000-7f6d3d313000 r-xp 00000000 08:06 526565                     /lib/x86_64-linux-gnu/libusb-1.0.so.0.1.0
7f6d3d313000-7f6d3d512000 ---p 0000e000 08:06 526565                     /lib/x86_64-linux-gnu/libusb-1.0.so.0.1.0
7f6d3d512000-7f6d3d513000 r--p 0000d000 08:06 526565                     /lib/x86_64-linux-gnu/libusb-1.0.so.0.1.0
7f6d3d513000-7f6d3d514000 rw-p 0000e000 08:06 526565                     /lib/x86_64-linux-gnu/libusb-1.0.so.0.1.0
7f6d3d514000-7f6d3d5f7000 r-xp 00000000 08:06 675352                     /usr/lib/libXnVNite_1_5_2.so
7f6d3d5f7000-7f6d3d7f6000 ---p 000e3000 08:06 675352                     /usr/lib/libXnVNite_1_5_2.so
7f6d3d7f6000-7f6d3d7fb000 r--p 000e2000 08:06 675352                     /usr/lib/libXnVNite_1_5_2.so
7f6d3d7fb000-7f6d3d7fd000 rw-p 000e7000 08:06 675352                     /usr/lib/libXnVNite_1_5_2.so
7f6d3d7fd000-7f6d3d87a000 r-xp 00000000 08:06 675273                     /usr/lib/libOpenNI.so
7f6d3d87a000-7f6d3da79000 ---p 0007d000 08:06 675273                     /usr/lib/libOpenNI.so
7f6d3da79000-7f6d3da7c000 r--p 0007c000 08:06 675273                     /usr/lib/libOpenNI.so
7f6d3da7c000-7f6d3da7f000 rw-p 0007f000 08:06 675273                     /usr/lib/libOpenNI.so
7f6d3da7f000-7f6d3da80000 rw-p 00000000 00:00 0 
7f6d3da80000-7f6d3db36000 r-xp 00000000 08:07 1330735                    /home/daniel/Processing/okhotspots/application.linux64/libSimpleOpenNI64.so
7f6d3db36000-7f6d3dd36000 ---p 000b6000 08:07 1330735                    /home/daniel/Processing/okhotspots/application.linux64/libSimpleOpenNI64.so
7f6d3dd36000-7f6d3dd3a000 r--p 000b6000 08:07 1330735                    /home/daniel/Processing/okhotspots/application.linux64/libSimpleOpenNI64.so
7f6d3dd3a000-7f6d3dd3d000 rw-p 000ba000 08:07 1330735                    /home/daniel/Processing/okhotspots/application.linux64/libSimpleOpenNI64.so
7f6d3dd3d000-7f6d3e643000 rw-p 00000000 00:00 0 
7f6d3e643000-7f6d3e64b000 r-xp 00000000 08:06 660883                     /usr/lib/x86_64-linux-gnu/libpciaccess.so.0.11.0
7f6d3e64b000-7f6d3e84a000 ---p 00008000 08:06 660883                     /usr/lib/x86_64-linux-gnu/libpciaccess.so.0.11.0
7f6d3e84a000-7f6d3e84b000 r--p 00007000 08:06 660883                     /usr/lib/x86_64-linux-gnu/libpciaccess.so.0.11.0
7f6d3e84b000-7f6d3e84c000 rw-p 00008000 08:06 660883                     /usr/lib/x86_64-linux-gnu/libpciaccess.so.0.11.0
7f6d3e84c000-7f6d3e868000 r-xp 00000000 08:06 660608                     /usr/lib/x86_64-linux-gnu/libdrm_intel.so.1.0.0
7f6d3e868000-7f6d3ea67000 ---p 0001c000 08:06 660608                     /usr/lib/x86_64-linux-gnu/libdrm_intel.so.1.0.0
7f6d3ea67000-7f6d3ea68000 r--p 0001b000 08:06 660608                     /usr/lib/x86_64-linux-gnu/libdrm_intel.so.1.0.0
7f6d3ea68000-7f6d3ea69000 rw-p 0001c000 08:06 660608                     /usr/lib/x86_64-linux-gnu/libdrm_intel.so.1.0.0
7f6d3ea69000-7f6d3ea90000 r-xp 00000000 08:06 522368                     /lib/x86_64-linux-gnu/libexpat.so.1.5.2
7f6d3ea90000-7f6d3ec90000 ---p 00027000 08:06 522368                     /lib/x86_64-linux-gnu/libexpat.so.1.5.2
7f6d3ec90000-7f6d3ec92000 r--p 00027000 08:06 522368                     /lib/x86_64-linux-gnu/libexpat.so.1.5.2
7f6d3ec92000-7f6d3ec93000 rw-p 00029000 08:06 522368                     /lib/x86_64-linux-gnu/libexpat.so.1.5.2
7f6d3ec93000-7f6d3edb9000 r-xp 00000000 08:06 922704                     /usr/lib/x86_64-linux-gnu/dri/libglsl.so
7f6d3edb9000-7f6d3efb8000 ---p 00126000 08:06 922704                     /usr/lib/x86_64-linux-gnu/dri/libglsl.so
7f6d3efb8000-7f6d3efc1000 r--p 00125000 08:06 922704                     /usr/lib/x86_64-linux-gnu/dri/libglsl.so
7f6d3efc1000-7f6d3efc4000 rw-p 0012e000 08:06 922704                     /usr/lib/x86_64-linux-gnu/dri/libglsl.so
7f6d3efc4000-7f6d3efc5000 rw-p 00000000 00:00 0 
7f6d3efc5000-7f6d3f204000 r-xp 00000000 08:06 922706                     /usr/lib/x86_64-linux-gnu/dri/libdricore.so
7f6d3f204000-7f6d3f404000 ---p 0023f000 08:06 922706                     /usr/lib/x86_64-linux-gnu/dri/libdricore.so
7f6d3f404000-7f6d3f40e000 r--p 0023f000 08:06 922706                     /usr/lib/x86_64-linux-gnu/dri/libdricore.so
7f6d3f40e000-7f6d3f411000 rw-p 00249000 08:06 922706                     /usr/lib/x86_64-linux-gnu/dri/libdricore.so
7f6d3f411000-7f6d3f427000 rw-p 00000000 00:00 0 
7f6d3f427000-7f6d3f4f5000 r-xp 00000000 08:06 922705                     /usr/lib/x86_64-linux-gnu/dri/i965_dri.so
7f6d3f4f5000-7f6d3f6f5000 ---p 000ce000 08:06 922705                     /usr/lib/x86_64-linux-gnu/dri/i965_dri.so
7f6d3f6f5000-7f6d3f6f8000 r--p 000ce000 08:06 922705                     /usr/lib/x86_64-linux-gnu/dri/i965_dri.so
7f6d3f6f8000-7f6d3f6fc000 rw-p 000d1000 08:06 922705                     /usr/lib/x86_64-linux-gnu/dri/i965_dri.so
7f6d3f6fc000-7f6d3f6fe000 r-xp 00000000 08:07 1330736                    /home/daniel/Processing/okhotspots/application.linux64/libjogl_awt.so
7f6d3f6fe000-7f6d3f7fd000 ---p 00002000 08:07 1330736                    /home/daniel/Processing/okhotspots/application.linux64/libjogl_awt.so
7f6d3f7fd000-7f6d3f7fe000 rw-p 00001000 08:07 1330736                    /home/daniel/Processing/okhotspots/application.linux64/libjogl_awt.so
7f6d3f7fe000-7f6d3f7ff000 r-xp 00000000 08:06 656609                     /usr/lib/jvm/java-6-openjdk-amd64/jre/lib/amd64/libjawt.so
7f6d3f7ff000-7f6d3f9fe000 ---p 00001000 08:06 656609                     /usr/lib/jvm/java-6-openjdk-amd64/jre/lib/amd64/libjawt.so
7f6d3f9fe000-7f6d3f9ff000 r--p 00000000 08:06 656609                     /usr/lib/jvm/java-6-openjdk-amd64/jre/lib/amd64/libjawt.so
7f6d3f9ff000-7f6d3fa00000 rw-p 00001000 08:06 656609                     /usr/lib/jvm/java-6-openjdk-amd64/jre/lib/amd64/libjawt.so
7f6d3fa00000-7f6d3faef000 r-xp 00000000 08:07 1330737                    /home/daniel/Processing/okhotspots/application.linux64/libjogl.so
7f6d3faef000-7f6d3fbef000 ---p 000ef000 08:07 1330737                    /home/daniel/Processing/okhotspots/application.linux64/libjogl.so
7f6d3fbef000-7f6d3fbf0000 rw-p 000ef000 08:07 1330737                    /home/daniel/Processing/okhotspots/application.linux64/libjogl.so
7f6d3fbf0000-7f6d3fbfa000 r-xp 00000000 08:06 660606                     /usr/lib/x86_64-linux-gnu/libdrm.so.2.4.0
7f6d3fbfa000-7f6d3fdf9000 ---p 0000a000 08:06 660606                     /usr/lib/x86_64-linux-gnu/libdrm.so.2.4.0
7f6d3fdf9000-7f6d3fdfa000 r--p 00009000 08:06 660606                     /usr/lib/x86_64-linux-gnu/libdrm.so.2.4.0
7f6d3fdfa000-7f6d3fdfb000 rw-p 0000a000 08:06 660606                     /usr/lib/x86_64-linux-gnu/libdrm.so.2.4.0
7f6d3fdfb000-7f6d3fdff000 r-xp 00000000 08:06 660488                     /usr/lib/x86_64-linux-gnu/libXxf86vm.so.1.0.0
7f6d3fdff000-7f6d3fffe000 ---p 00004000 08:06 660488                     /usr/lib/x86_64-linux-gnu/libXxf86vm.so.1.0.0
7f6d3fffe000-7f6d3ffff000 r--p 00003000 08:06 660488                     /usr/lib/x86_64-linux-gnu/libXxf86vm.so.1.0.0
7f6d3ffff000-7f6d40000000 rw-p 00004000 08:06 660488                     /usr/lib/x86_64-linux-gnu/libXxf86vm.so.1.0.0
7f6d40000000-7f6d40021000 rw-p 00000000 00:00 0 
7f6d40021000-7f6d44000000 ---p 00000000 00:00 0 
7f6d440c5000-7f6d440da000 r-xp 00000000 08:06 656434                     /usr/lib/x86_64-linux-gnu/libxcb-glx.so.0.0.0
7f6d440da000-7f6d442d9000 ---p 00015000 08:06 656434                     /usr/lib/x86_64-linux-gnu/libxcb-glx.so.0.0.0
7f6d442d9000-7f6d442db000 r--p 00014000 08:06 656434                     /usr/lib/x86_64-linux-gnu/libxcb-glx.so.0.0.0
7f6d442db000-7f6d442dc000 rw-p 00016000 08:06 656434                     /usr/lib/x86_64-linux-gnu/libxcb-glx.so.0.0.0
7f6d442dc000-7f6d442dd000 r-xp 00000000 08:06 660443                     /usr/lib/x86_64-linux-gnu/libX11-xcb.so.1.0.0
7f6d442dd000-7f6d444dc000 ---p 00001000 08:06 660443                     /usr/lib/x86_64-linux-gnu/libX11-xcb.so.1.0.0
7f6d444dc000-7f6d444dd000 r--p 00000000 08:06 660443                     /usr/lib/x86_64-linux-gnu/libX11-xcb.so.1.0.0
7f6d444dd000-7f6d444de000 rw-p 00001000 08:06 660443                     /usr/lib/x86_64-linux-gnu/libX11-xcb.so.1.0.0
7f6d444de000-7f6d444e0000 r-xp 00000000 08:06 660456                     /usr/lib/x86_64-linux-gnu/libXdamage.so.1.1.0
7f6d444e0000-7f6d446df000 ---p 00002000 08:06 660456                     /usr/lib/x86_64-linux-gnu/libXdamage.so.1.1.0
7f6d446df000-7f6d446e0000 r--p 00001000 08:06 660456                     /usr/lib/x86_64-linux-gnu/libXdamage.so.1.1.0
7f6d446e0000-7f6d446e1000 rw-p 00002000 08:06 660456                     /usr/lib/x86_64-linux-gnu/libXdamage.so.1.1.0
7f6d446e1000-7f6d44702000 r-xp 00000000 08:06 655612                     /usr/lib/x86_64-linux-gnu/libglapi.so.0.0.0
7f6d44702000-7f6d44901000 ---p 00021000 08:06 655612                     /usr/lib/x86_64-linux-gnu/libglapi.so.0.0.0
7f6d44901000-7f6d44904000 r--p 00020000 08:06 655612                     /usr/lib/x86_64-linux-gnu/libglapi.so.0.0.0
7f6d44904000-7f6d44905000 rw-p 00023000 08:06 655612                     /usr/lib/x86_64-linux-gnu/libglapi.so.0.0.0
7f6d44905000-7f6d44906000 rw-p 00000000 00:00 0 
7f6d44906000-7f6d44963000 r-xp 00000000 08:06 922716                     /usr/lib/x86_64-linux-gnu/mesa/libGL.so.1.2
7f6d44963000-7f6d44b62000 ---p 0005d000 08:06 922716                     /usr/lib/x86_64-linux-gnu/mesa/libGL.so.1.2
7f6d44b62000-7f6d44b64000 r--p 0005c000 08:06 922716                     /usr/lib/x86_64-linux-gnu/mesa/libGL.so.1.2
7f6d44b64000-7f6d44b65000 rw-p 0005e000 08:06 922716                     /usr/lib/x86_64-linux-gnu/mesa/libGL.so.1.2
7f6d44b65000-7f6d44b66000 rw-p 00000000 00:00 0 
7f6d44b82000-7f6d44b83000 r-xp 00000000 08:07 1330738                    /home/daniel/Processing/okhotspots/application.linux64/libgluegen-rt.so
7f6d44b83000-7f6d44c82000 ---p 00001000 08:07 1330738                    /home/daniel/Processing/okhotspots/application.linux64/libgluegen-rt.so
7f6d44c82000-7f6d44c83000 rw-p 00000000 08:07 1330738                    /home/daniel/Processing/okhotspots/application.linux64/libgluegen-rt.so
7f6d44cd0000-7f6d450d4000 rwxp 00000000 00:00 0 
7f6d450d4000-7f6d450dc000 r-xp 00000000 08:06 660478                     /usr/lib/x86_64-linux-gnu/libXrandr.so.2.2.0
7f6d450dc000-7f6d452db000 ---p 00008000 08:06 660478                     /usr/lib/x86_64-linux-gnu/libXrandr.so.2.2.0
7f6d452db000-7f6d452dc000 r--p 00007000 08:06 660478                     /usr/lib/x86_64-linux-gnu/libXrandr.so.2.2.0
7f6d452dc000-7f6d452dd000 rw-p 00008000 08:06 660478                     /usr/lib/x86_64-linux-gnu/libXrandr.so.2.2.0
7f6d452dd000-7f6d452e2000 r-xp 00000000 08:06 660462                     /usr/lib/x86_64-linux-gnu/libXfixes.so.3.1.0
7f6d452e2000-7f6d454e1000 ---p 00005000 08:06 660462                     /usr/lib/x86_64-linux-gnu/libXfixes.so.3.1.0
7f6d454e1000-7f6d454e2000 r--p 00004000 08:06 660462                     /usr/lib/x86_64-linux-gnu/libXfixes.so.3.1.0
7f6d454e2000-7f6d454e3000 rw-p 00005000 08:06 660462                     /usr/lib/x86_64-linux-gnu/libXfixes.so.3.1.0
7f6d454e3000-7f6d454e4000 r--s 00000000 08:06 430413                     /var/cache/fontconfig/c05880de57d1f5e948fdfacc138775d9-le64.cache-3
7f6d454e4000-7f6d454ed000 r--s 00000000 08:06 398594                     /var/cache/fontconfig/945677eb7aeaf62f1d50efc3fb3ec7d8-le64.cache-3
7f6d454ed000-7f6d454ef000 r--s 00000000 08:06 430409                     /var/cache/fontconfig/99e8ed0e538f840c565b6ed5dad60d56-le64.cache-3
7f6d454ef000-7f6d454f3000 r--s 00000000 08:06 430041                     /var/cache/fontconfig/2cd17615ca594fa2959ae173292e504c-le64.cache-3
7f6d454f3000-7f6d454fc000 r--s 00000000 08:06 430035                     /var/cache/fontconfig/6d41288fd70b0be22e8c3a91e032eec0-le64.cache-3
7f6d454fc000-7f6d4552a000 r--s 00000000 08:06 430015                     /var/cache/fontconfig/365b55f210c0a22e9a19e35191240f32-le64.cache-3
7f6d455b2000-7f6d456b3000 rwxp 00000000 00:00 0 
7f6d456b3000-7f6d456b4000 r--s 00000000 08:06 430413                     /var/cache/fontconfig/c05880de57d1f5e948fdfacc138775d9-le64.cache-3
7f6d456b4000-7f6d456bd000 r--s 00000000 08:06 398594                     /var/cache/fontconfig/945677eb7aeaf62f1d50efc3fb3ec7d8-le64.cache-3
7f6d456bd000-7f6d456bf000 r--s 00000000 08:06 430409                     /var/cache/fontconfig/99e8ed0e538f840c565b6ed5dad60d56-le64.cache-3
7f6d456bf000-7f6d456c3000 r--s 00000000 08:06 430041                     /var/cache/fontconfig/2cd17615ca594fa2959ae173292e504c-le64.cache-3
7f6d456c3000-7f6d456c4000 r--s 00000000 08:06 430039                     /var/cache/fontconfig/e7071f4a29fa870f4323321c154eba04-le64.cache-3
7f6d456c4000-7f6d456c5000 r--s 00000000 08:06 430038                     /var/cache/fontconfig/0d8c3b2ac0904cb8a57a757ad11a4a08-le64.cache-3
7f6d456c5000-7f6d456cb000 r--s 00000000 08:06 430036                     /var/cache/fontconfig/a755afe4a08bf5b97852ceb7400b47bc-le64.cache-3
7f6d456cb000-7f6d456d4000 r--s 00000000 08:06 430035                     /var/cache/fontconfig/6d41288fd70b0be22e8c3a91e032eec0-le64.cache-3
7f6d456d4000-7f6d456d7000 r--s 00000000 08:06 430031                     /var/cache/fontconfig/de156ccd2eddbdc19d37a45b8b2aac9c-le64.cache-3
7f6d456d7000-7f6d456e7000 r--s 00000000 08:06 430028                     /var/cache/fontconfig/04aabc0a78ac019cf9454389977116d2-le64.cache-3
7f6d456e7000-7f6d456ea000 r--s 00000000 08:06 430024                     /var/cache/fontconfig/385c0604a188198f04d133e54aba7fe7-le64.cache-3
7f6d456ea000-7f6d456eb000 r--s 00000000 08:06 430023                     /var/cache/fontconfig/4794a0821666d79190d59a36cb4f44b5-le64.cache-3
7f6d456eb000-7f6d456ee000 r--s 00000000 08:06 430019                     /var/cache/fontconfig/8801497958630a81b71ace7c5f9b32a8-le64.cache-3
7f6d456ee000-7f6d4571c000 r--s 00000000 08:06 430015                     /var/cache/fontconfig/365b55f210c0a22e9a19e35191240f32-le64.cache-3
7f6d4571c000-7f6d45721000 r--s 00000000 08:06 430008                     /var/cache/fontconfig/3047814df9a2f067bd2d96a2b9c36e5a-le64.cache-3
7f6d45721000-7f6d45722000 r--s 00000000 08:06 429988                     /var/cache/fontconfig/56cf4f4769d0f4abc89a4895d7bd3ae1-le64.cache-3
7f6d45722000-7f6d45723000 r--s 00000000 08:06 429967                     /var/cache/fontconfig/b9d506c9ac06c20b433354fa67a72993-le64.cache-3
7f6d45723000-7f6d45728000 r--s 00000000 08:06 429937                     /var/cache/fontconfig/b47c4e1ecd0709278f4910c18777a504-le64.cache-3
7f6d45728000-7f6d45738000 r--s 00000000 08:06 429922                     /var/cache/fontconfig/d52a8644073d54c13679302ca1180695-le64.cache-3
7f6d4574b000-7f6d45754000 r-xp 00000000 08:06 660454                     /usr/lib/x86_64-linux-gnu/libXcursor.so.1.0.2
7f6d45754000-7f6d45953000 ---p 00009000 08:06 660454                     /usr/lib/x86_64-linux-gnu/libXcursor.so.1.0.2
7f6d45953000-7f6d45954000 r--p 00008000 08:06 660454                     /usr/lib/x86_64-linux-gnu/libXcursor.so.1.0.2
7f6d45954000-7f6d45955000 rw-p 00009000 08:06 660454                     /usr/lib/x86_64-linux-gnu/libXcursor.so.1.0.2
7f6d45956000-7f6d45957000 rw-p 00000000 00:00 0 
7f6d45957000-7f6d45958000 rw-s 1195d5000 00:05 9224                      /dev/dri/card0
7f6d45958000-7f6d45959000 rwxp 00000000 00:00 0 
7f6d45959000-7f6d45960000 r--s 00000000 08:06 950195                     /usr/lib/x86_64-linux-gnu/gconv/gconv-modules.cache
7f6d45960000-7f6d4596b000 r--s 00108000 08:07 1330742                    /home/daniel/Processing/okhotspots/application.linux64/lib/jogl.jar
7f6d4596b000-7f6d4596c000 r--s 00004000 08:07 1330741                    /home/daniel/Processing/okhotspots/application.linux64/lib/gluegen-rt.jar
7f6d4596c000-7f6d4596d000 r--s 00003000 08:07 1330740                    /home/daniel/Processing/okhotspots/application.linux64/lib/opengl.jar
7f6d4596d000-7f6d45970000 r--s 00022000 08:07 1330734                    /home/daniel/Processing/okhotspots/application.linux64/lib/SimpleOpenNI.jar
7f6d45970000-7f6d45971000 r--s 0000c000 08:07 1330733                    /home/daniel/Processing/okhotspots/application.linux64/lib/oscP5.jar
7f6d45971000-7f6d45978000 r--s 000fb000 08:06 656497                     /usr/lib/jvm/java-6-openjdk-common/jre/lib/resources.jar
7f6d45978000-7f6d45983000 r--s 00000000 08:06 398579                     /var/cache/fontconfig/e13b20fdb08344e0e664864cc2ede53d-le64.cache-3
7f6d45983000-7f6d45987000 r--s 00000000 08:06 391942                     /var/cache/fontconfig/7ef2298fde41cc6eeb7af42e48b7d293-le64.cache-3
7f6d45987000-7f6d4598a000 r--s 00000000 08:06 398596                     /var/cache/fontconfig/165b9254a84ccada37e340049ffc8b30-le64.cache-3
7f6d4598a000-7f6d45a8b000 rwxp 00000000 00:00 0 
7f6d45a8b000-7f6d45b21000 r-xp 00000000 08:06 660640                     /usr/lib/x86_64-linux-gnu/libfreetype.so.6.8.0
7f6d45b21000-7f6d45d20000 ---p 00096000 08:06 660640                     /usr/lib/x86_64-linux-gnu/libfreetype.so.6.8.0
7f6d45d20000-7f6d45d26000 r--p 00095000 08:06 660640                     /usr/lib/x86_64-linux-gnu/libfreetype.so.6.8.0
7f6d45d26000-7f6d45d27000 rw-p 0009b000 08:06 660640                     /usr/lib/x86_64-linux-gnu/libfreetype.so.6.8.0
7f6d45d27000-7f6d45d61000 r-xp 00000000 08:06 656529                     /usr/lib/jvm/java-6-openjdk-amd64/jre/lib/amd64/libfontmanager.so
7f6d45d61000-7f6d45f60000 ---p 0003a000 08:06 656529                     /usr/lib/jvm/java-6-openjdk-amd64/jre/lib/amd64/libfontmanager.so
7f6d45f60000-7f6d45f62000 r--p 00039000 08:06 656529                     /usr/lib/jvm/java-6-openjdk-amd64/jre/lib/amd64/libfontmanager.so
7f6d45f62000-7f6d45f63000 rw-p 0003b000 08:06 656529                     /usr/lib/jvm/java-6-openjdk-amd64/jre/lib/amd64/libfontmanager.so
7f6d45f63000-7f6d45f68000 r-xp 00000000 08:06 660458                     /usr/lib/x86_64-linux-gnu/libXdmcp.so.6.0.0
7f6d45f68000-7f6d46167000 ---p 00005000 08:06 660458                     /usr/lib/x86_64-linux-gnu/libXdmcp.so.6.0.0
7f6d46167000-7f6d46168000 r--p 00004000 08:06 660458                     /usr/lib/x86_64-linux-gnu/libXdmcp.so.6.0.0
7f6d46168000-7f6d46169000 rw-p 00005000 08:06 660458                     /usr/lib/x86_64-linux-gnu/libXdmcp.so.6.0.0
7f6d46169000-7f6d4616b000 r-xp 00000000 08:06 660447                     /usr/lib/x86_64-linux-gnu/libXau.so.6.0.0
7f6d4616b000-7f6d4636a000 ---p 00002000 08:06 660447                     /usr/lib/x86_64-linux-gnu/libXau.so.6.0.0
7f6d4636a000-7f6d4636b000 r--p 00001000 08:06 660447                     /usr/lib/x86_64-linux-gnu/libXau.so.6.0.0
7f6d4636b000-7f6d4636c000 rw-p 00002000 08:06 660447                     /usr/lib/x86_64-linux-gnu/libXau.so.6.0.0
7f6d4636c000-7f6d46389000 r-xp 00000000 08:06 656430                     /usr/lib/x86_64-linux-gnu/libxcb.so.1.1.0
7f6d46389000-7f6d46588000 ---p 0001d000 08:06 656430                     /usr/lib/x86_64-linux-gnu/libxcb.so.1.1.0
7f6d46588000-7f6d46589000 r--p 0001c000 08:06 656430                     /usr/lib/x86_64-linux-gnu/libxcb.so.1.1.0
7f6d46589000-7f6d4658a000 rw-p 0001d000 08:06 656430                     /usr/lib/x86_64-linux-gnu/libxcb.so.1.1.0
7f6d4658a000-7f6d46598000 r-xp 00000000 08:06 660466                     /usr/lib/x86_64-linux-gnu/libXi.so.6.1.0
7f6d46598000-7f6d46797000 ---p 0000e000 08:06 660466                     /usr/lib/x86_64-linux-gnu/libXi.so.6.1.0
7f6d46797000-7f6d46798000 r--p 0000d000 08:06 660466                     /usr/lib/x86_64-linux-gnu/libXi.so.6.1.0
7f6d46798000-7f6d46799000 rw-p 0000e000 08:06 660466                     /usr/lib/x86_64-linux-gnu/libXi.so.6.1.0
7f6d46799000-7f6d4679e000 r-xp 00000000 08:06 660484                     /usr/lib/x86_64-linux-gnu/libXtst.so.6.1.0
7f6d4679e000-7f6d4699d000 ---p 00005000 08:06 660484                     /usr/lib/x86_64-linux-gnu/libXtst.so.6.1.0
7f6d4699d000-7f6d4699e000 r--p 00004000 08:06 660484                     /usr/lib/x86_64-linux-gnu/libXtst.so.6.1.0
7f6d4699e000-7f6d4699f000 rw-p 00005000 08:06 660484                     /usr/lib/x86_64-linux-gnu/libXtst.so.6.1.0
7f6d4699f000-7f6d469a8000 r-xp 00000000 08:06 660480                     /usr/lib/x86_64-linux-gnu/libXrender.so.1.3.0
7f6d469a8000-7f6d46ba7000 ---p 00009000 08:06 660480                     /usr/lib/x86_64-linux-gnu/libXrender.so.1.3.0
7f6d46ba7000-7f6d46ba8000 r--p 00008000 08:06 660480                     /usr/lib/x86_64-linux-gnu/libXrender.so.1.3.0
7f6d46ba8000-7f6d46ba9000 rw-p 00009000 08:06 660480                     /usr/lib/x86_64-linux-gnu/libXrender.so.1.3.0
7f6d46ba9000-7f6d46cd8000 r-xp 00000000 08:06 660445                     /usr/lib/x86_64-linux-gnu/libX11.so.6.3.0
7f6d46cd8000-7f6d46ed8000 ---p 0012f000 08:06 660445                     /usr/lib/x86_64-linux-gnu/libX11.so.6.3.0
7f6d46ed8000-7f6d46ed9000 r--p 0012f000 08:06 660445                     /usr/lib/x86_64-linux-gnu/libX11.so.6.3.0
7f6d46ed9000-7f6d46edd000 rw-p 00130000 08:06 660445                     /usr/lib/x86_64-linux-gnu/libX11.so.6.3.0
7f6d46edd000-7f6d46eed000 r-xp 00000000 08:06 660460                     /usr/lib/x86_64-linux-gnu/libXext.so.6.4.0
7f6d46eed000-7f6d470ec000 ---p 00010000 08:06 660460                     /usr/lib/x86_64-linux-gnu/libXext.so.6.4.0
7f6d470ec000-7f6d470ed000 r--p 0000f000 08:06 660460                     /usr/lib/x86_64-linux-gnu/libXext.so.6.4.0
7f6d470ed000-7f6d470ee000 rw-p 00010000 08:06 660460                     /usr/lib/x86_64-linux-gnu/libXext.so.6.4.0
7f6d470ee000-7f6d47139000 r-xp 00000000 08:06 673106                     /usr/lib/jvm/java-6-openjdk-amd64/jre/lib/amd64/xawt/libmawt.so
7f6d47139000-7f6d47339000 ---p 0004b000 08:06 673106                     /usr/lib/jvm/java-6-openjdk-amd64/jre/lib/amd64/xawt/libmawt.so
7f6d47339000-7f6d4733a000 r--p 0004b000 08:06 673106                     /usr/lib/jvm/java-6-openjdk-amd64/jre/lib/amd64/xawt/libmawt.so
7f6d4733a000-7f6d4733d000 rw-p 0004c000 08:06 673106                     /usr/lib/jvm/java-6-openjdk-amd64/jre/lib/amd64/xawt/libmawt.so
7f6d4733d000-7f6d4733e000 rw-p 00000000 00:00 0 
7f6d4733e000-7f6d473ea000 r-xp 00000000 08:06 656619                     /usr/lib/jvm/java-6-openjdk-amd64/jre/lib/amd64/libawt.so
7f6d473ea000-7f6d475e9000 ---p 000ac000 08:06 656619                     /usr/lib/jvm/java-6-openjdk-amd64/jre/lib/amd64/libawt.so
7f6d475e9000-7f6d475ea000 r--p 000ab000 08:06 656619                     /usr/lib/jvm/java-6-openjdk-amd64/jre/lib/amd64/libawt.so
7f6d475ea000-7f6d475f5000 rw-p 000ac000 08:06 656619                     /usr/lib/jvm/java-6-openjdk-amd64/jre/lib/amd64/libawt.so
7f6d475f5000-7f6d4761a000 rw-p 00000000 00:00 0 
7f6d4761a000-7f6d4761b000 ---p 00000000 00:00 0 
7f6d4761b000-7f6d4781c000 rwxp 00000000 00:00 0 
7f6d4781c000-7f6d4781d000 ---p 00000000 00:00 0 
7f6d4781d000-7f6d4791d000 rwxp 00000000 00:00 0 
7f6d4791d000-7f6d48000000 r--p 00000000 08:06 659186                     /usr/lib/locale/locale-archive
7f6d48000000-7f6d48021000 rw-p 00000000 00:00 0 
7f6d48021000-7f6d4c000000 ---p 00000000 00:00 0 
7f6d4c000000-7f6d4c001000 r--s 00000000 08:06 430039                     /var/cache/fontconfig/e7071f4a29fa870f4323321c154eba04-le64.cache-3
7f6d4c001000-7f6d4c007000 r--s 00000000 08:06 430036                     /var/cache/fontconfig/a755afe4a08bf5b97852ceb7400b47bc-le64.cache-3
7f6d4c007000-7f6d4c00a000 r--s 00000000 08:06 430031                     /var/cache/fontconfig/de156ccd2eddbdc19d37a45b8b2aac9c-le64.cache-3
7f6d4c00a000-7f6d4c01a000 r--s 00000000 08:06 430028                     /var/cache/fontconfig/04aabc0a78ac019cf9454389977116d2-le64.cache-3
7f6d4c01a000-7f6d4c01d000 r--s 00000000 08:06 430024                     /var/cache/fontconfig/385c0604a188198f04d133e54aba7fe7-le64.cache-3
7f6d4c01d000-7f6d4c02d000 r--s 00000000 08:06 429922                     /var/cache/fontconfig/d52a8644073d54c13679302ca1180695-le64.cache-3
7f6d4c02d000-7f6d4c02e000 ---p 00000000 00:00 0 
7f6d4c02e000-7f6d4c431000 rwxp 00000000 00:00 0 
7f6d4c431000-7f6d4c432000 ---p 00000000 00:00 0 
7f6d4c432000-7f6d4c532000 rwxp 00000000 00:00 0 
7f6d4c532000-7f6d4ca6a000 rw-p 00000000 00:00 0 
7f6d4ca6a000-7f6d4cbfc000 r--s 037c2000 08:06 656624                     /usr/lib/jvm/java-6-openjdk-amd64/jre/lib/rt.jar
7f6d4cbfc000-7f6d4cbfd000 ---p 00000000 00:00 0 
7f6d4cbfd000-7f6d4ccfd000 rwxp 00000000 00:00 0 
7f6d4ccfd000-7f6d4ccfe000 ---p 00000000 00:00 0 
7f6d4ccfe000-7f6d4cdfe000 rwxp 00000000 00:00 0 
7f6d4cdfe000-7f6d4cdff000 ---p 00000000 00:00 0 
7f6d4cdff000-7f6d4ceff000 rwxp 00000000 00:00 0 
7f6d4ceff000-7f6d4cf00000 ---p 00000000 00:00 0 
7f6d4cf00000-7f6d4d270000 rwxp 00000000 00:00 0 
7f6d4d270000-7f6d50308000 rw-p 00000000 00:00 0 
7f6d50308000-7f6d54000000 ---p 00000000 00:00 0 
7f6d54000000-7f6d54001000 r--s 00000000 08:06 430038                     /var/cache/fontconfig/0d8c3b2ac0904cb8a57a757ad11a4a08-le64.cache-3
7f6d54001000-7f6d54002000 r--s 00000000 08:06 430023                     /var/cache/fontconfig/4794a0821666d79190d59a36cb4f44b5-le64.cache-3
7f6d54002000-7f6d54005000 r--s 00000000 08:06 430019                     /var/cache/fontconfig/8801497958630a81b71ace7c5f9b32a8-le64.cache-3
7f6d54005000-7f6d5400a000 r--s 00000000 08:06 430008                     /var/cache/fontconfig/3047814df9a2f067bd2d96a2b9c36e5a-le64.cache-3
7f6d5400a000-7f6d5400b000 r--s 00000000 08:06 429988                     /var/cache/fontconfig/56cf4f4769d0f4abc89a4895d7bd3ae1-le64.cache-3
7f6d5400b000-7f6d5403e000 rw-p 00000000 00:00 0 
7f6d5403e000-7f6d54086000 rw-p 00000000 00:00 0 
7f6d54086000-7f6d5409a000 rw-p 00000000 00:00 0 
7f6d5409a000-7f6d541c0000 rw-p 00000000 00:00 0 
7f6d541c0000-7f6d541cb000 rw-p 00000000 00:00 0 
7f6d541cb000-7f6d54213000 rw-p 00000000 00:00 0 
7f6d54213000-7f6d54227000 rw-p 00000000 00:00 0 
7f6d54227000-7f6d5434c000 rw-p 00000000 00:00 0 
7f6d5434c000-7f6d54357000 rw-p 00000000 00:00 0 
7f6d54357000-7f6d543e9000 rw-p 00000000 00:00 0 
7f6d543e9000-7f6d543ea000 rw-p 00000000 00:00 0 
7f6d543ea000-7f6d543f1000 r-xp 00000000 08:06 656613                     /usr/lib/jvm/java-6-openjdk-amd64/jre/lib/amd64/libzip.so
7f6d543f1000-7f6d545f0000 ---p 00007000 08:06 656613                     /usr/lib/jvm/java-6-openjdk-amd64/jre/lib/amd64/libzip.so
7f6d545f0000-7f6d545f1000 r--p 00006000 08:06 656613                     /usr/lib/jvm/java-6-openjdk-amd64/jre/lib/amd64/libzip.so
7f6d545f1000-7f6d545f2000 rw-p 00007000 08:06 656613                     /usr/lib/jvm/java-6-openjdk-amd64/jre/lib/amd64/libzip.so
7f6d545f2000-7f6d545fe000 r-xp 00000000 08:06 544244                     /lib/x86_64-linux-gnu/libnss_files-2.15.so
7f6d545fe000-7f6d547fd000 ---p 0000c000 08:06 544244                     /lib/x86_64-linux-gnu/libnss_files-2.15.so
7f6d547fd000-7f6d547fe000 r--p 0000b000 08:06 544244                     /lib/x86_64-linux-gnu/libnss_files-2.15.so
7f6d547fe000-7f6d547ff000 rw-p 0000c000 08:06 544244                     /lib/x86_64-linux-gnu/libnss_files-2.15.so
7f6d547ff000-7f6d54809000 r-xp 00000000 08:06 544240                     /lib/x86_64-linux-gnu/libnss_nis-2.15.so
7f6d54809000-7f6d54a09000 ---p 0000a000 08:06 544240                     /lib/x86_64-linux-gnu/libnss_nis-2.15.so
7f6d54a09000-7f6d54a0a000 r--p 0000a000 08:06 544240                     /lib/x86_64-linux-gnu/libnss_nis-2.15.so
7f6d54a0a000-7f6d54a0b000 rw-p 0000b000 08:06 544240                     /lib/x86_64-linux-gnu/libnss_nis-2.15.so
7f6d54a0b000-7f6d54a22000 r-xp 00000000 08:06 544253                     /lib/x86_64-linux-gnu/libnsl-2.15.so
7f6d54a22000-7f6d54c21000 ---p 00017000 08:06 544253                     /lib/x86_64-linux-gnu/libnsl-2.15.so
7f6d54c21000-7f6d54c22000 r--p 00016000 08:06 544253                     /lib/x86_64-linux-gnu/libnsl-2.15.so
7f6d54c22000-7f6d54c23000 rw-p 00017000 08:06 544253                     /lib/x86_64-linux-gnu/libnsl-2.15.so
7f6d54c23000-7f6d54c25000 rw-p 00000000 00:00 0 
7f6d54c25000-7f6d54c2d000 r-xp 00000000 08:06 544245                     /lib/x86_64-linux-gnu/libnss_compat-2.15.so
7f6d54c2d000-7f6d54e2c000 ---p 00008000 08:06 544245                     /lib/x86_64-linux-gnu/libnss_compat-2.15.so
7f6d54e2c000-7f6d54e2d000 r--p 00007000 08:06 544245                     /lib/x86_64-linux-gnu/libnss_compat-2.15.so
7f6d54e2d000-7f6d54e2e000 rw-p 00008000 08:06 544245                     /lib/x86_64-linux-gnu/libnss_compat-2.15.so
7f6d54e2e000-7f6d54e5a000 r-xp 00000000 08:06 656525                     /usr/lib/jvm/java-6-openjdk-amd64/jre/lib/amd64/libjava.so
7f6d54e5a000-7f6d55059000 ---p 0002c000 08:06 656525                     /usr/lib/jvm/java-6-openjdk-amd64/jre/lib/amd64/libjava.so
7f6d55059000-7f6d5505a000 r--p 0002b000 08:06 656525                     /usr/lib/jvm/java-6-openjdk-amd64/jre/lib/amd64/libjava.so
7f6d5505a000-7f6d5505d000 rw-p 0002c000 08:06 656525                     /usr/lib/jvm/java-6-openjdk-amd64/jre/lib/amd64/libjava.so
7f6d5505d000-7f6d5506b000 r-xp 00000000 08:06 656585                     /usr/lib/jvm/java-6-openjdk-amd64/jre/lib/amd64/libverify.so
7f6d5506b000-7f6d5526a000 ---p 0000e000 08:06 656585                     /usr/lib/jvm/java-6-openjdk-amd64/jre/lib/amd64/libverify.so
7f6d5526a000-7f6d5526c000 r--p 0000d000 08:06 656585                     /usr/lib/jvm/java-6-openjdk-amd64/jre/lib/amd64/libverify.so
7f6d5526c000-7f6d5526d000 rw-p 0000f000 08:06 656585                     /usr/lib/jvm/java-6-openjdk-amd64/jre/lib/amd64/libverify.so
7f6d5526d000-7f6d55274000 r-xp 00000000 08:06 544238                     /lib/x86_64-linux-gnu/librt-2.15.so
7f6d55274000-7f6d55473000 ---p 00007000 08:06 544238                     /lib/x86_64-linux-gnu/librt-2.15.so
7f6d55473000-7f6d55474000 r--p 00006000 08:06 544238                     /lib/x86_64-linux-gnu/librt-2.15.so
7f6d55474000-7f6d55475000 rw-p 00007000 08:06 544238                     /lib/x86_64-linux-gnu/librt-2.15.so
7f6d55475000-7f6d5548a000 r-xp 00000000 08:06 526483                     /lib/x86_64-linux-gnu/libgcc_s.so.1
7f6d5548a000-7f6d55689000 ---p 00015000 08:06 526483                     /lib/x86_64-linux-gnu/libgcc_s.so.1
7f6d55689000-7f6d5568a000 r--p 00014000 08:06 526483                     /lib/x86_64-linux-gnu/libgcc_s.so.1
7f6d5568a000-7f6d5568b000 rw-p 00015000 08:06 526483                     /lib/x86_64-linux-gnu/libgcc_s.so.1
7f6d5568b000-7f6d55786000 r-xp 00000000 08:06 544242                     /lib/x86_64-linux-gnu/libm-2.15.so
7f6d55786000-7f6d55985000 ---p 000fb000 08:06 544242                     /lib/x86_64-linux-gnu/libm-2.15.so
7f6d55985000-7f6d55986000 r--p 000fa000 08:06 544242                     /lib/x86_64-linux-gnu/libm-2.15.so
7f6d55986000-7f6d55987000 rw-p 000fb000 08:06 544242                     /lib/x86_64-linux-gnu/libm-2.15.so
7f6d55987000-7f6d55a69000 r-xp 00000000 08:06 660974                     /usr/lib/x86_64-linux-gnu/libstdc++.so.6.0.16
7f6d55a69000-7f6d55c68000 ---p 000e2000 08:06 660974                     /usr/lib/x86_64-linux-gnu/libstdc++.so.6.0.16
7f6d55c68000-7f6d55c70000 r--p 000e1000 08:06 660974                     /usr/lib/x86_64-linux-gnu/libstdc++.so.6.0.16
7f6d55c70000-7f6d55c72000 rw-p 000e9000 08:06 660974                     /usr/lib/x86_64-linux-gnu/libstdc++.so.6.0.16
7f6d55c72000-7f6d55c87000 rw-p 00000000 00:00 0 
7f6d55c87000-7f6d5658c000 r-xp 00000000 08:06 656521                     /usr/lib/jvm/java-6-openjdk-amd64/jre/lib/amd64/server/libjvm.so
7f6d5658c000-7f6d5678c000 ---p 00905000 08:06 656521                     /usr/lib/jvm/java-6-openjdk-amd64/jre/lib/amd64/server/libjvm.so
7f6d5678c000-7f6d5680c000 r--p 00905000 08:06 656521                     /usr/lib/jvm/java-6-openjdk-amd64/jre/lib/amd64/server/libjvm.so
7f6d5680c000-7f6d56827000 rw-p 00985000 08:06 656521                     /usr/lib/jvm/java-6-openjdk-amd64/jre/lib/amd64/server/libjvm.so
7f6d56827000-7f6d56850000 rw-p 00000000 00:00 0 
7f6d56850000-7f6d56866000 r-xp 00000000 08:06 526573                     /lib/x86_64-linux-gnu/libz.so.1.2.3.4
7f6d56866000-7f6d56a65000 ---p 00016000 08:06 526573                     /lib/x86_64-linux-gnu/libz.so.1.2.3.4
7f6d56a65000-7f6d56a66000 r--p 00015000 08:06 526573                     /lib/x86_64-linux-gnu/libz.so.1.2.3.4
7f6d56a66000-7f6d56a67000 rw-p 00016000 08:06 526573                     /lib/x86_64-linux-gnu/libz.so.1.2.3.4
7f6d56a67000-7f6d56c1c000 r-xp 00000000 08:06 544234                     /lib/x86_64-linux-gnu/libc-2.15.so
7f6d56c1c000-7f6d56e1b000 ---p 001b5000 08:06 544234                     /lib/x86_64-linux-gnu/libc-2.15.so
7f6d56e1b000-7f6d56e1f000 r--p 001b4000 08:06 544234                     /lib/x86_64-linux-gnu/libc-2.15.so
7f6d56e1f000-7f6d56e21000 rw-p 001b8000 08:06 544234                     /lib/x86_64-linux-gnu/libc-2.15.so
7f6d56e21000-7f6d56e26000 rw-p 00000000 00:00 0 
7f6d56e26000-7f6d56e28000 r-xp 00000000 08:06 544233                     /lib/x86_64-linux-gnu/libdl-2.15.so
7f6d56e28000-7f6d57028000 ---p 00002000 08:06 544233                     /lib/x86_64-linux-gnu/libdl-2.15.so
7f6d57028000-7f6d57029000 r--p 00002000 08:06 544233                     /lib/x86_64-linux-gnu/libdl-2.15.so
7f6d57029000-7f6d5702a000 rw-p 00003000 08:06 544233                     /lib/x86_64-linux-gnu/libdl-2.15.so
7f6d5702a000-7f6d5702e000 r-xp 00000000 08:06 656526                     /usr/lib/jvm/java-6-openjdk-amd64/jre/lib/amd64/jli/libjli.so
7f6d5702e000-7f6d5722d000 ---p 00004000 08:06 656526                     /usr/lib/jvm/java-6-openjdk-amd64/jre/lib/amd64/jli/libjli.so
7f6d5722d000-7f6d5722e000 r--p 00003000 08:06 656526                     /usr/lib/jvm/java-6-openjdk-amd64/jre/lib/amd64/jli/libjli.so
7f6d5722e000-7f6d5722f000 rw-p 00004000 08:06 656526                     /usr/lib/jvm/java-6-openjdk-amd64/jre/lib/amd64/jli/libjli.so
7f6d5722f000-7f6d57247000 r-xp 00000000 08:06 544236                     /lib/x86_64-linux-gnu/libpthread-2.15.so
7f6d57247000-7f6d57446000 ---p 00018000 08:06 544236                     /lib/x86_64-linux-gnu/libpthread-2.15.so
7f6d57446000-7f6d57447000 r--p 00017000 08:06 544236                     /lib/x86_64-linux-gnu/libpthread-2.15.so
7f6d57447000-7f6d57448000 rw-p 00018000 08:06 544236                     /lib/x86_64-linux-gnu/libpthread-2.15.so
7f6d57448000-7f6d5744c000 rw-p 00000000 00:00 0 
7f6d5744c000-7f6d5746e000 r-xp 00000000 08:06 544248                     /lib/x86_64-linux-gnu/ld-2.15.so
7f6d5746e000-7f6d5746f000 r--s 00000000 08:06 429967                     /var/cache/fontconfig/b9d506c9ac06c20b433354fa67a72993-le64.cache-3
7f6d5746f000-7f6d57474000 r--s 00000000 08:06 429937                     /var/cache/fontconfig/b47c4e1ecd0709278f4910c18777a504-le64.cache-3
7f6d57474000-7f6d5747f000 r--s 00000000 08:06 398579                     /var/cache/fontconfig/e13b20fdb08344e0e664864cc2ede53d-le64.cache-3
7f6d5747f000-7f6d57483000 r--s 00000000 08:06 391942                     /var/cache/fontconfig/7ef2298fde41cc6eeb7af42e48b7d293-le64.cache-3
7f6d57483000-7f6d57486000 r--s 00000000 08:06 398596                     /var/cache/fontconfig/165b9254a84ccada37e340049ffc8b30-le64.cache-3
7f6d57486000-7f6d5748a000 r--s 0007d000 08:06 656479                     /usr/lib/jvm/java-6-openjdk-common/jre/lib/jsse.jar
7f6d5748a000-7f6d57494000 rw-p 00000000 00:00 0 
7f6d57494000-7f6d5754a000 rw-p 00000000 00:00 0 
7f6d5754a000-7f6d5754b000 ---p 00000000 00:00 0 
7f6d5754b000-7f6d5764b000 rwxp 00000000 00:00 0 
7f6d5764b000-7f6d57650000 rw-p 00000000 00:00 0 
7f6d57650000-7f6d57652000 r--s 0002b000 08:07 1330732                    /home/daniel/Processing/okhotspots/application.linux64/lib/core.jar
7f6d57652000-7f6d57653000 r--s 00006000 08:07 1330731                    /home/daniel/Processing/okhotspots/application.linux64/lib/okhotspots.jar
7f6d57653000-7f6d57655000 r--s 0000f000 08:06 656493                     /usr/lib/jvm/java-6-openjdk-common/jre/lib/ext/pulse-java.jar
7f6d57655000-7f6d57656000 r--s 00007000 08:06 934741                     /usr/share/java/java-atk-wrapper.jar
7f6d57656000-7f6d5765a000 r--s 00038000 08:06 656494                     /usr/lib/jvm/java-6-openjdk-common/jre/lib/ext/sunpkcs11.jar
7f6d5765a000-7f6d5765d000 r--s 00077000 08:06 656496                     /usr/lib/jvm/java-6-openjdk-common/jre/lib/ext/localedata.jar
7f6d5765d000-7f6d57660000 r--s 00031000 08:06 656492                     /usr/lib/jvm/java-6-openjdk-common/jre/lib/ext/sunjce_provider.jar
7f6d57660000-7f6d57662000 r--s 00001000 08:06 656495                     /usr/lib/jvm/java-6-openjdk-common/jre/lib/ext/dnsns.jar
7f6d57662000-7f6d5766a000 rw-s 00000000 08:06 448252                     /tmp/hsperfdata_daniel/27713
7f6d5766a000-7f6d5766b000 rw-p 00000000 00:00 0 
7f6d5766b000-7f6d5766c000 r--p 00000000 00:00 0 
7f6d5766c000-7f6d5766e000 rw-p 00000000 00:00 0 
7f6d5766e000-7f6d5766f000 r--p 00022000 08:06 544248                     /lib/x86_64-linux-gnu/ld-2.15.so
7f6d5766f000-7f6d57671000 rw-p 00023000 08:06 544248                     /lib/x86_64-linux-gnu/ld-2.15.so
7ffffedf1000-7ffffee11000 rwxp 00000000 00:00 0                          [stack]
7ffffee11000-7ffffee12000 rw-p 00000000 00:00 0 
7ffffee61000-7ffffee62000 r-xp 00000000 00:00 0                          [vdso]
ffffffffff600000-ffffffffff601000 r-xp 00000000 00:00 0                  [vsyscall]

VM Arguments:
jvm_args: -Djava.library.path=/home/daniel/Processing/okhotspots/application.linux64 
java_command: okhotspots
Launcher Type: SUN_STANDARD

Environment Variables:
PATH=/usr/lib/lightdm/lightdm:/usr/local/sbin:/usr/local/bin:/usr/sbin:/usr/bin:/sbin:/bin:/usr/games
LD_LIBRARY_PATH=/usr/lib/jvm/java-6-openjdk-amd64/jre/lib/amd64/server:/usr/lib/jvm/java-6-openjdk-amd64/jre/lib/amd64:/usr/lib/jvm/java-6-openjdk-amd64/jre/../lib/amd64
SHELL=/bin/bash
DISPLAY=:0.0

Signal Handlers:
SIGSEGV: [libjvm.so+0x7852e0], sa_mask[0]=0x7ffbfeff, sa_flags=0x10000004
SIGBUS: [libjvm.so+0x7852e0], sa_mask[0]=0x7ffbfeff, sa_flags=0x10000004
SIGFPE: [libjvm.so+0x648d40], sa_mask[0]=0x7ffbfeff, sa_flags=0x10000004
SIGPIPE: [libjvm.so+0x648d40], sa_mask[0]=0x7ffbfeff, sa_flags=0x10000004
SIGXFSZ: [libjvm.so+0x648d40], sa_mask[0]=0x7ffbfeff, sa_flags=0x10000004
SIGILL: [libjvm.so+0x648d40], sa_mask[0]=0x7ffbfeff, sa_flags=0x10000004
SIGUSR1: SIG_DFL, sa_mask[0]=0x00000000, sa_flags=0x00000000
SIGUSR2: [libjvm.so+0x648ef0], sa_mask[0]=0x00000000, sa_flags=0x10000004
SIGHUP: [libjvm.so+0x64ba10], sa_mask[0]=0x7ffbfeff, sa_flags=0x10000004
SIGINT: [libjvm.so+0x64ba10], sa_mask[0]=0x7ffbfeff, sa_flags=0x10000004
SIGTERM: [libjvm.so+0x64ba10], sa_mask[0]=0x7ffbfeff, sa_flags=0x10000004
SIGQUIT: [libjvm.so+0x64ba10], sa_mask[0]=0x7ffbfeff, sa_flags=0x10000004


---------------  S Y S T E M  ---------------

OS:Ubuntu 12.04 (precise)
uname:Linux 3.2.0-34-generic #53-Ubuntu SMP Thu Nov 15 10:48:16 UTC 2012 x86_64
libc:glibc 2.15 NPTL 2.15 
rlimit: STACK 8192k, CORE 0k, NPROC 29892, NOFILE 4096, AS infinity
load average:0.54 0.45 0.58

/proc/meminfo:
MemTotal:        3843820 kB
MemFree:          145316 kB
Buffers:            3816 kB
Cached:           833028 kB
SwapCached:       187356 kB
Active:          2421052 kB
Inactive:        1037396 kB
Active(anon):    2202652 kB
Inactive(anon):   814236 kB
Active(file):     218400 kB
Inactive(file):   223160 kB
Unevictable:          52 kB
Mlocked:              52 kB
SwapTotal:       8195068 kB
SwapFree:        7915040 kB
Dirty:               148 kB
Writeback:             0 kB
AnonPages:       2437320 kB
Mapped:           138740 kB
Shmem:            394980 kB
Slab:              96884 kB
SReclaimable:      58228 kB
SUnreclaim:        38656 kB
KernelStack:        5240 kB
PageTables:        52984 kB
NFS_Unstable:          0 kB
Bounce:                0 kB
WritebackTmp:          0 kB
CommitLimit:    10116976 kB
Committed_AS:    7899596 kB
VmallocTotal:   34359738367 kB
VmallocUsed:      557556 kB
VmallocChunk:   34359174664 kB
HardwareCorrupted:     0 kB
AnonHugePages:         0 kB
HugePages_Total:       0
HugePages_Free:        0
HugePages_Rsvd:        0
HugePages_Surp:        0
Hugepagesize:       2048 kB
DirectMap4k:       86016 kB
DirectMap2M:     3903488 kB


CPU:total 4 (2 cores per cpu, 2 threads per core) family 6 model 37 stepping 5, cmov, cx8, fxsr, mmx, sse, sse2, sse3, ssse3, sse4.1, sse4.2, popcnt, ht

Memory: 4k page, physical 3843820k(145316k free), swap 8195068k(7915040k free)

vm_info: OpenJDK 64-Bit Server VM (20.0-b12) for linux-amd64 JRE (1.6.0_24-b24), built on Oct 24 2012 16:17:28 by "buildd" with gcc 4.6.3

time: Sat Dec 15 17:44:37 2012
elapsed time: 1 seconds

